#
# There is insufficient memory for the Java Runtime Environment to continue.
# Native memory allocation (malloc) failed to allocate 1048576 bytes for AllocateHeap
# Possible reasons:
#   The system is out of physical RAM or swap space
#   In 32 bit mode, the process size limit was hit
# Possible solutions:
#   Reduce memory load on the system
#   Increase physical memory or swap space
#   Check if swap backing store is full
#   Use 64 bit Java on a 64 bit OS
#   Decrease Java heap size (-Xmx/-Xms)
#   Decrease number of Java threads
#   Decrease Java thread stack sizes (-Xss)
#   Set larger code cache with -XX:ReservedCodeCacheSize=
# This output file may be truncated or incomplete.
#
#  Out of Memory Error (memory/allocation.inline.hpp:61), pid=11788, tid=0x00000000000046e0
#
# JRE version:  (8.0_171-b11) (build )
# Java VM: Java HotSpot(TM) 64-Bit Server VM (25.171-b11 mixed mode windows-amd64 compressed oops)
# Failed to write core dump. Minidumps are not enabled by default on client versions of Windows
#

---------------  T H R E A D  ---------------

Current thread (0x00000000033e4000):  JavaThread "Unknown thread" [_thread_in_vm, id=18144, stack(0x00000000032e0000,0x00000000033e0000)]

Stack: [0x00000000032e0000,0x00000000033e0000]
[error occurred during error reporting (printing stack bounds), id 0xc0000005]

Native frames: (J=compiled Java code, j=interpreted, Vv=VM code, C=native code)


---------------  P R O C E S S  ---------------

Java Threads: ( => current thread )

Other Threads:

=>0x00000000033e4000 (exited) JavaThread "Unknown thread" [_thread_in_vm, id=18144, stack(0x00000000032e0000,0x00000000033e0000)]

VM state:not at safepoint (normal execution)

VM Mutex/Monitor currently owned by a thread: None

Heap:
 PSYoungGen      total 38400K, used 665K [0x00000000d5f00000, 0x00000000d8980000, 0x0000000100000000)
  eden space 33280K, 2% used [0x00000000d5f00000,0x00000000d5fa6670,0x00000000d7f80000)
  from space 5120K, 0% used [0x00000000d8480000,0x00000000d8480000,0x00000000d8980000)
  to   space 5120K, 0% used [0x00000000d7f80000,0x00000000d7f80000,0x00000000d8480000)
 ParOldGen       total 87552K, used 0K [0x0000000081c00000, 0x0000000087180000, 0x00000000d5f00000)
  object space 87552K, 0% used [0x0000000081c00000,0x0000000081c00000,0x0000000087180000)
 Metaspace       used 750K, capacity 4480K, committed 4480K, reserved 1056768K
  class space    used 76K, capacity 384K, committed 384K, reserved 1048576K

Card table byte_map: [0x00000000128a0000,0x0000000012ca0000] byte_map_base: 0x0000000012492000

Marking Bits: (ParMarkBitMap*) 0x00000000561508c0
 Begin Bits: [0x0000000013350000, 0x00000000152e0000)
 End Bits:   [0x00000000152e0000, 0x0000000017270000)

Polling page: 0x0000000001910000

CodeCache: size=245760Kb used=328Kb max_used=328Kb free=245431Kb
 bounds [0x00000000034e0000, 0x0000000003750000, 0x00000000124e0000]
 total_blobs=58 nmethods=0 adapters=38
 compilation: enabled

Compilation events (0 events):
No events

GC Heap History (0 events):
No events

Deoptimization events (0 events):
No events

Classes redefined (0 events):
No events

Internal exceptions (0 events):
No events

Events (10 events):
Event: 0.064 loading class java/lang/Short
Event: 0.064 loading class java/lang/Short done
Event: 0.064 loading class java/lang/Integer
Event: 0.064 loading class java/lang/Integer done
Event: 0.064 loading class java/lang/Long
Event: 0.064 loading class java/lang/Long done
Event: 0.065 loading class java/lang/NullPointerException
Event: 0.065 loading class java/lang/NullPointerException done
Event: 0.065 loading class java/lang/ArithmeticException
Event: 0.065 loading class java/lang/ArithmeticException done


Dynamic libraries:
0x00007ff6312a0000 - 0x00007ff6312d7000 	C:\Program Files\Java\jre1.8.0_171\bin\javaw.exe
0x00007ffb20c20000 - 0x00007ffb20e01000 	C:\WINDOWS\SYSTEM32\ntdll.dll
0x00007ffb200f0000 - 0x00007ffb201a2000 	C:\WINDOWS\System32\KERNEL32.DLL
0x00007ffb1cff0000 - 0x00007ffb1d263000 	C:\WINDOWS\System32\KERNELBASE.dll
0x00007ffb1e0b0000 - 0x00007ffb1e151000 	C:\WINDOWS\System32\ADVAPI32.dll
0x00007ffb1e220000 - 0x00007ffb1e2be000 	C:\WINDOWS\System32\msvcrt.dll
0x00007ffb1f880000 - 0x00007ffb1f8db000 	C:\WINDOWS\System32\sechost.dll
0x00007ffb1ffc0000 - 0x00007ffb200e4000 	C:\WINDOWS\System32\RPCRT4.dll
0x00007ffb1f8e0000 - 0x00007ffb1fa70000 	C:\WINDOWS\System32\USER32.dll
0x00007ffb1e090000 - 0x00007ffb1e0b0000 	C:\WINDOWS\System32\win32u.dll
0x00007ffb20760000 - 0x00007ffb20788000 	C:\WINDOWS\System32\GDI32.dll
0x00007ffb1def0000 - 0x00007ffb1e082000 	C:\WINDOWS\System32\gdi32full.dll
0x00007ffb1d3f0000 - 0x00007ffb1d48f000 	C:\WINDOWS\System32\msvcp_win.dll
0x00007ffb1d680000 - 0x00007ffb1d77a000 	C:\WINDOWS\System32\ucrtbase.dll
0x00007ffb0ac70000 - 0x00007ffb0aed9000 	C:\WINDOWS\WinSxS\amd64_microsoft.windows.common-controls_6595b64144ccf1df_6.0.17134.523_none_fb409dd930672a56\COMCTL32.dll
0x00007ffb201c0000 - 0x00007ffb204e2000 	C:\WINDOWS\System32\combase.dll
0x00007ffb1d2c0000 - 0x00007ffb1d33a000 	C:\WINDOWS\System32\bcryptPrimitives.dll
0x00007ffb20550000 - 0x00007ffb2057d000 	C:\WINDOWS\System32\IMM32.DLL
0x00000000568b0000 - 0x0000000056982000 	C:\Program Files\Java\jre1.8.0_171\bin\msvcr100.dll
0x0000000055930000 - 0x00000000561d0000 	C:\Program Files\Java\jre1.8.0_171\bin\server\jvm.dll
0x00007ffb1ffb0000 - 0x00007ffb1ffb8000 	C:\WINDOWS\System32\PSAPI.DLL
0x00007ffafd010000 - 0x00007ffafd019000 	C:\WINDOWS\SYSTEM32\WSOCK32.dll
0x00007ffb17ed0000 - 0x00007ffb17ef3000 	C:\WINDOWS\SYSTEM32\WINMM.dll
0x00007ffb10e90000 - 0x00007ffb10e9a000 	C:\WINDOWS\SYSTEM32\VERSION.dll
0x00007ffb1ff40000 - 0x00007ffb1ffac000 	C:\WINDOWS\System32\WS2_32.dll
0x00007ffb17ea0000 - 0x00007ffb17eca000 	C:\WINDOWS\SYSTEM32\WINMMBASE.dll
0x00007ffb1d270000 - 0x00007ffb1d2b9000 	C:\WINDOWS\System32\cfgmgr32.dll
0x0000000056a90000 - 0x0000000056a9f000 	C:\Program Files\Java\jre1.8.0_171\bin\verify.dll
0x0000000056a60000 - 0x0000000056a89000 	C:\Program Files\Java\jre1.8.0_171\bin\java.dll
0x0000000056a40000 - 0x0000000056a56000 	C:\Program Files\Java\jre1.8.0_171\bin\zip.dll

VM Arguments:
jvm_args: -Dfile.encoding=Cp1252 
java_command: com.springdemo.AnnotationDemoApp
java_class_path (initial): W:\Spring_Hibernate_Course\workspace\spring_demo_annotations\bin;W:\Spring_Hibernate_Course\workspace\spring_demo_annotations\lib\spring-beans-5.1.4.RELEASE-sources.jar;W:\Spring_Hibernate_Course\workspace\spring_demo_annotations\lib\spring-beans-5.1.4.RELEASE.jar;W:\Spring_Hibernate_Course\workspace\spring_demo_annotations\lib\spring-context-5.1.4.RELEASE-javadoc.jar;W:\Spring_Hibernate_Course\workspace\spring_demo_annotations\lib\spring-context-5.1.4.RELEASE-sources.jar;W:\Spring_Hibernate_Course\workspace\spring_demo_annotations\lib\spring-context-5.1.4.RELEASE.jar;W:\Spring_Hibernate_Course\workspace\spring_demo_annotations\lib\spring-context-indexer-5.1.4.RELEASE-javadoc.jar;W:\Spring_Hibernate_Course\workspace\spring_demo_annotations\lib\spring-context-indexer-5.1.4.RELEASE-sources.jar;W:\Spring_Hibernate_Course\workspace\spring_demo_annotations\lib\spring-context-indexer-5.1.4.RELEASE.jar;W:\Spring_Hibernate_Course\workspace\spring_demo_annotations\lib\spring-context-support-5.1.4.RELEASE-javadoc.jar;W:\Spring_Hibernate_Course\workspace\spring_demo_annotations\lib\spring-context-support-5.1.4.RELEASE-sources.jar;W:\Spring_Hibernate_Course\workspace\spring_demo_annotations\lib\spring-context-support-5.1.4.RELEASE.jar;W:\Spring_Hibernate_Course\workspace\spring_demo_annotations\lib\spring-core-5.1.4.RELEASE-javadoc.jar;W:\Spring_Hibernate_Course\workspace\spring_demo_annotations\lib\spring-core-5.1.4.RELEASE-sources.jar;W:\Spring_Hibernate_Course\workspace\spring_demo_annotations\lib\spring-core-5.1.4.RELEASE.jar;W:\Spring_Hibernate_Course\workspace\spring_demo_annotations\lib\spring-expression-5.1.4.RELEASE-javadoc.jar;W:\Spring_Hibernate_Course\workspace\spring_demo_annotations\lib\spring-expression-5.1.4.RELEASE-sources.jar;W:\Spring_Hibernate_Course\workspace\spring_demo_annotations\lib\spring-expression-5.1.4.RELEASE.jar;W:\Spring_Hibernate_Course\workspace\spring_demo_annotations\lib\spring-instrument-5.1.4.RELEASE-javadoc.jar
Launcher Type: SUN_STANDARD

Environment Variables:
JAVA_HOME=C:\Program Files\Java\jdk1.8.0_144
PATH=C:/Program Files/Java/jre1.8.0_171/bin/server;C:/Program Files/Java/jre1.8.0_171/bin;C:/Program Files/Java/jre1.8.0_171/lib/amd64;C:\Program Files (x86)\Common Files\Oracle\Java\javapath;C:\ProgramData\Oracle\Java\javapath;C:\Program Files (x86)\Intel\iCLS Client\;C:\Program Files\Intel\iCLS Client\;C:\WINDOWS\system32;C:\WINDOWS;C:\WINDOWS\System32\Wbem;C:\WINDOWS\System32\WindowsPowerShell\v1.0\;C:\Program Files (x86)\Intel\Intel(R) Management Engine Components\DAL;C:\Program Files\Intel\Intel(R) Management Engine Components\DAL;C:\Program Files (x86)\Intel\Intel(R) Management Engine Components\IPT;C:\Program Files\Intel\Intel(R) Management Engine Components\IPT;C:\Program Files\PuTTY\;C:\cygwin\bin;C:\WINDOWS\System32\OpenSSH\;C:\Program Files\Intel\WiFi\bin\;C:\Program Files\Common Files\Intel\WirelessCommon\;C:\Program Files\MATLAB\R2018b\bin;C:\Program Files\Java\jdk1.8.0_144\bin;C:\Users\juwar\AppData\Local\Microsoft\WindowsApps;C:\Users\juwar\AppData\Local\Box\Box Edit\;C:\Program Files\Java\jdk1.8.0_144\bin;;C:\Users\juwar\Downloads\eclipse-jee-2018-12-R-win32-x86_64\eclipse;
USERNAME=juwar
OS=Windows_NT
PROCESSOR_IDENTIFIER=Intel64 Family 6 Model 78 Stepping 3, GenuineIntel



---------------  S Y S T E M  ---------------

OS: Windows 10.0 , 64 bit Build 17134 (10.0.17134.1)

CPU:total 4 (initial active 4) (2 cores per cpu, 2 threads per core) family 6 model 78 stepping 3, cmov, cx8, fxsr, mmx, sse, sse2, sse3, ssse3, sse4.1, sse4.2, popcnt, avx, avx2, aes, clmul, erms, 3dnowpref, lzcnt, ht, tsc, tscinvbit, bmi1, bmi2, adx

Memory: 4k page, physical 8266336k(1676268k free), swap 12460640k(4640k free)

vm_info: Java HotSpot(TM) 64-Bit Server VM (25.171-b11) for windows-amd64 JRE (1.8.0_171-b11), built on Mar 28 2018 16:06:12 by "java_re" with MS VC++ 10.0 (VS2010)

time: Sun Feb 03 00:20:02 2019
elapsed time: 0 seconds (0d 0h 0m 0s)

